<?xml version="1.0" encoding="utf-8"?><testsuites name="pytest tests"><testsuite name="pytest" errors="0" failures="0" skipped="0" tests="6" time="12.497" timestamp="2025-11-05T08:41:11.670120+01:00" hostname="Anirudh24s-MSI"><testcase classname="out.tests.test_req_REQ_101" name="test_req_101_listpets" time="2.166" /><testcase classname="out.tests.test_req_REQ_101" name="test_req_101_getpet" time="2.070" /><testcase classname="out.tests.test_req_REQ_102" name="test_req_102_createpet" time="2.041" /><testcase classname="out.tests.test_req_REQ_201" name="test_req_201_listpets" time="2.049" /><testcase classname="out.tests.test_req_REQ_201" name="test_req_201_getpet" time="2.047" /><testcase classname="out.tests.test_req_REQ_202" name="test_req_202_createpet" time="2.037" /></testsuite></testsuites>